[16/12/2024 15:46:52]: ********** INICIO DEL SCRIPT - RECIBIR CUENTAS **********
[16/12/2024 15:46:52]: INICIO DE CREACIÓN DE DIRECTORIO MEF_FAIL
[16/12/2024 15:46:52]: El directorio MEF_FAIL ya existe
[16/12/2024 15:46:52]: FIN DE CREACIÓN DE DIRECTORIO MEF_FAIL
[16/12/2024 15:46:52]: INICIO DE BÚSQUEDA DE ARCHIVO EN EL FTP
[16/12/2024 15:46:53]: Archivo encontrado: TTPHAB_20241206_01_MEF.TXT
[16/12/2024 15:46:53]: FIN DE BÚSQUEDA DE ARCHIVO EN EL FTP
[16/12/2024 15:46:53]: INICIO DE DESCARGA DE ARCHIVO DESDE EL FTP
[16/12/2024 15:46:54]: FIN DE DESCARGA DE ARCHIVO DESDE EL FTP
[16/12/2024 15:46:54]: INICIO DE CARGA DE DATOS CON JAR
[16/12/2024 15:46:55]: El proceso se completó exitosamente.
[16/12/2024 15:46:55]: FIN DE CARGA DE DATOS CON JAR
[16/12/2024 15:46:55]: INICIO DE ENVIO DE ARCHIVO DE VALIDACIONES MEF
[16/12/2024 15:49:04]: ********** INICIO DEL SCRIPT - RECIBIR CUENTAS **********
[16/12/2024 15:49:04]: INICIO DE CREACIÓN DE DIRECTORIO MEF_FAIL
[16/12/2024 15:49:04]: El directorio MEF_FAIL ya existe
[16/12/2024 15:49:04]: FIN DE CREACIÓN DE DIRECTORIO MEF_FAIL
[16/12/2024 15:49:04]: INICIO DE BÚSQUEDA DE ARCHIVO EN EL FTP
[16/12/2024 15:49:05]: Archivo encontrado: TTPHAB_20241206_01_MEF.TXT
[16/12/2024 15:49:05]: FIN DE BÚSQUEDA DE ARCHIVO EN EL FTP
[16/12/2024 15:49:05]: INICIO DE DESCARGA DE ARCHIVO DESDE EL FTP
[16/12/2024 15:49:07]: FIN DE DESCARGA DE ARCHIVO DESDE EL FTP
[16/12/2024 15:49:07]: INICIO DE CARGA DE DATOS CON JAR
[16/12/2024 15:49:08]: El proceso se completó exitosamente.
[16/12/2024 15:49:08]: FIN DE CARGA DE DATOS CON JAR
[16/12/2024 15:49:08]: INICIO DE ENVIO DE ARCHIVO DE VALIDACIONES MEF
[16/12/2024 15:51:20]: ********** INICIO DEL SCRIPT - RECIBIR CUENTAS **********
[16/12/2024 15:51:20]: INICIO DE CREACIÓN DE DIRECTORIO MEF_FAIL
[16/12/2024 15:51:20]: El directorio MEF_FAIL ya existe
[16/12/2024 15:51:20]: FIN DE CREACIÓN DE DIRECTORIO MEF_FAIL
[16/12/2024 15:51:20]: INICIO DE BÚSQUEDA DE ARCHIVO EN EL FTP
[16/12/2024 15:51:21]: Archivo encontrado: TTPHAB_20241206_01_MEF.TXT
[16/12/2024 15:51:21]: FIN DE BÚSQUEDA DE ARCHIVO EN EL FTP
[16/12/2024 15:51:21]: INICIO DE DESCARGA DE ARCHIVO DESDE EL FTP
[16/12/2024 15:51:21]: FIN DE DESCARGA DE ARCHIVO DESDE EL FTP
[16/12/2024 15:51:22]: INICIO DE CARGA DE DATOS CON JAR
[16/12/2024 15:51:23]: El proceso se completó exitosamente.
[16/12/2024 15:51:23]: FIN DE CARGA DE DATOS CON JAR
[16/12/2024 15:51:23]: INICIO DE ENVIO DE ARCHIVO DE VALIDACIONES MEF
[16/12/2024 15:53:08]: ********** INICIO DEL SCRIPT - RECIBIR CUENTAS **********
[16/12/2024 15:53:08]: INICIO DE CREACIÓN DE DIRECTORIO MEF_FAIL
[16/12/2024 15:53:08]: El directorio MEF_FAIL ya existe
[16/12/2024 15:53:08]: FIN DE CREACIÓN DE DIRECTORIO MEF_FAIL
[16/12/2024 15:53:08]: INICIO DE BÚSQUEDA DE ARCHIVO EN EL FTP
[16/12/2024 15:53:09]: Archivo encontrado: TTPHAB_20241206_01_MEF.TXT
[16/12/2024 15:53:09]: FIN DE BÚSQUEDA DE ARCHIVO EN EL FTP
[16/12/2024 15:53:09]: INICIO DE DESCARGA DE ARCHIVO DESDE EL FTP
[16/12/2024 15:53:09]: FIN DE DESCARGA DE ARCHIVO DESDE EL FTP
[16/12/2024 15:53:10]: INICIO DE CARGA DE DATOS CON JAR
[16/12/2024 15:53:11]: El proceso se completó exitosamente.
[16/12/2024 15:53:11]: FIN DE CARGA DE DATOS CON JAR
[16/12/2024 15:53:11]: INICIO DE ENVIO DE ARCHIVO DE VALIDACIONES MEF
[16/12/2024 15:54:22]: ********** INICIO DEL SCRIPT - RECIBIR CUENTAS **********
[16/12/2024 15:54:22]: INICIO DE CREACIÓN DE DIRECTORIO MEF_FAIL
[16/12/2024 15:54:22]: El directorio MEF_FAIL ya existe
[16/12/2024 15:54:22]: FIN DE CREACIÓN DE DIRECTORIO MEF_FAIL
[16/12/2024 15:54:22]: INICIO DE BÚSQUEDA DE ARCHIVO EN EL FTP
[16/12/2024 15:54:23]: Archivo encontrado: TTPHAB_20241206_01_MEF.TXT
[16/12/2024 15:54:23]: FIN DE BÚSQUEDA DE ARCHIVO EN EL FTP
[16/12/2024 15:54:23]: INICIO DE DESCARGA DE ARCHIVO DESDE EL FTP
[16/12/2024 15:54:23]: FIN DE DESCARGA DE ARCHIVO DESDE EL FTP
[16/12/2024 15:54:23]: INICIO DE CARGA DE DATOS CON JAR
[16/12/2024 15:54:25]: El proceso se completó exitosamente.
[16/12/2024 15:54:25]: FIN DE CARGA DE DATOS CON JAR
[16/12/2024 15:54:25]: INICIO DE ENVIO DE ARCHIVO DE VALIDACIONES MEF
[16/12/2024 15:55:51]: ********** INICIO DEL SCRIPT - RECIBIR CUENTAS **********
[16/12/2024 15:55:51]: INICIO DE CREACIÓN DE DIRECTORIO MEF_FAIL
[16/12/2024 15:55:51]: El directorio MEF_FAIL ya existe
[16/12/2024 15:55:51]: FIN DE CREACIÓN DE DIRECTORIO MEF_FAIL
[16/12/2024 15:55:51]: INICIO DE BÚSQUEDA DE ARCHIVO EN EL FTP
[16/12/2024 15:55:52]: Archivo encontrado: TTPHAB_20241206_01_MEF.TXT
[16/12/2024 15:55:52]: FIN DE BÚSQUEDA DE ARCHIVO EN EL FTP
[16/12/2024 15:55:52]: INICIO DE DESCARGA DE ARCHIVO DESDE EL FTP
[16/12/2024 15:55:52]: FIN DE DESCARGA DE ARCHIVO DESDE EL FTP
[16/12/2024 15:55:52]: INICIO DE CARGA DE DATOS CON JAR
[16/12/2024 15:55:53]: El proceso se completó exitosamente.
[16/12/2024 15:55:53]: FIN DE CARGA DE DATOS CON JAR
[16/12/2024 15:55:53]: INICIO DE ENVIO DE ARCHIVO DE VALIDACIONES MEF
[16/12/2024 15:55:54]: FIN DE ENVIO DE ARCHIVO VALIDACIOENS AL FTP - Código de error: 0
[16/12/2024 15:55:54]: ********** FIN DEL SCRIPT - RECIBIR CUENTAS **********
[16/12/2024 15:57:31]: ********** INICIO DEL SCRIPT - RECIBIR CUENTAS **********
[16/12/2024 15:57:31]: INICIO DE CREACIÓN DE DIRECTORIO MEF_FAIL
[16/12/2024 15:57:31]: El directorio MEF_FAIL ya existe
[16/12/2024 15:57:31]: FIN DE CREACIÓN DE DIRECTORIO MEF_FAIL
[16/12/2024 15:57:31]: INICIO DE BÚSQUEDA DE ARCHIVO EN EL FTP
[16/12/2024 15:57:32]: Archivo encontrado: TTPHAB_20241206_01_MEF.TXT
[16/12/2024 15:57:32]: FIN DE BÚSQUEDA DE ARCHIVO EN EL FTP
[16/12/2024 15:57:32]: INICIO DE DESCARGA DE ARCHIVO DESDE EL FTP
[16/12/2024 15:57:32]: FIN DE DESCARGA DE ARCHIVO DESDE EL FTP
[16/12/2024 15:57:32]: INICIO DE CARGA DE DATOS CON JAR
[16/12/2024 15:57:33]: El proceso se completó exitosamente.
[16/12/2024 15:57:33]: FIN DE CARGA DE DATOS CON JAR
[16/12/2024 15:57:33]: INICIO DE ENVIO DE ARCHIVO DE VALIDACIONES MEF
[16/12/2024 15:57:34]: FIN DE ENVIO DE ARCHIVO VALIDACIOENS AL FTP - Código de error: 0
[16/12/2024 15:57:34]: ********** FIN DEL SCRIPT - RECIBIR CUENTAS **********
[16/12/2024 15:57:43]: ********** INICIO DEL SCRIPT - RECIBIR CUENTAS **********
[16/12/2024 15:57:43]: INICIO DE CREACIÓN DE DIRECTORIO MEF_FAIL
[16/12/2024 15:57:43]: El directorio MEF_FAIL ya existe
[16/12/2024 15:57:43]: FIN DE CREACIÓN DE DIRECTORIO MEF_FAIL
[16/12/2024 15:57:43]: INICIO DE BÚSQUEDA DE ARCHIVO EN EL FTP
[16/12/2024 15:57:43]: Archivo encontrado: TTPHAB_20241206_01_MEF.TXT
[16/12/2024 15:57:43]: FIN DE BÚSQUEDA DE ARCHIVO EN EL FTP
[16/12/2024 15:57:43]: INICIO DE DESCARGA DE ARCHIVO DESDE EL FTP
[16/12/2024 15:57:44]: FIN DE DESCARGA DE ARCHIVO DESDE EL FTP
[16/12/2024 15:57:44]: INICIO DE CARGA DE DATOS CON JAR
[16/12/2024 15:57:45]: El proceso se completó exitosamente.
[16/12/2024 15:57:45]: FIN DE CARGA DE DATOS CON JAR
[16/12/2024 15:57:45]: INICIO DE ENVIO DE ARCHIVO DE VALIDACIONES MEF
[16/12/2024 15:57:46]: FIN DE ENVIO DE ARCHIVO VALIDACIOENS AL FTP - Código de error: 0
[16/12/2024 15:57:46]: ********** FIN DEL SCRIPT - RECIBIR CUENTAS **********
[16/12/2024 15:57:53]: ********** INICIO DEL SCRIPT - RECIBIR CUENTAS **********
[16/12/2024 15:57:53]: INICIO DE CREACIÓN DE DIRECTORIO MEF_FAIL
[16/12/2024 15:57:53]: El directorio MEF_FAIL ya existe
[16/12/2024 15:57:53]: FIN DE CREACIÓN DE DIRECTORIO MEF_FAIL
[16/12/2024 15:57:53]: INICIO DE BÚSQUEDA DE ARCHIVO EN EL FTP
[16/12/2024 15:57:53]: Archivo encontrado: TTPHAB_20241206_01_MEF.TXT
[16/12/2024 15:57:54]: FIN DE BÚSQUEDA DE ARCHIVO EN EL FTP
[16/12/2024 15:57:54]: INICIO DE DESCARGA DE ARCHIVO DESDE EL FTP
[16/12/2024 15:57:54]: FIN DE DESCARGA DE ARCHIVO DESDE EL FTP
[16/12/2024 15:57:54]: INICIO DE CARGA DE DATOS CON JAR
[16/12/2024 15:57:55]: El proceso se completó exitosamente.
[16/12/2024 15:57:55]: FIN DE CARGA DE DATOS CON JAR
[16/12/2024 15:57:55]: INICIO DE ENVIO DE ARCHIVO DE VALIDACIONES MEF
[16/12/2024 15:57:56]: FIN DE ENVIO DE ARCHIVO VALIDACIOENS AL FTP - Código de error: 0
[16/12/2024 15:57:56]: ********** FIN DEL SCRIPT - RECIBIR CUENTAS **********
[16/12/2024 16:00:15]: ********** INICIO DEL SCRIPT - RECIBIR CUENTAS **********
[16/12/2024 16:00:15]: INICIO DE CREACIÓN DE DIRECTORIO MEF_FAIL
[16/12/2024 16:00:15]: El directorio MEF_FAIL ya existe
[16/12/2024 16:00:15]: FIN DE CREACIÓN DE DIRECTORIO MEF_FAIL
[16/12/2024 16:00:15]: INICIO DE BÚSQUEDA DE ARCHIVO EN EL FTP
[16/12/2024 16:00:16]: Archivo encontrado: TTPHAB_20241206_01_MEF.TXT
[16/12/2024 16:00:16]: FIN DE BÚSQUEDA DE ARCHIVO EN EL FTP
[16/12/2024 16:00:16]: INICIO DE DESCARGA DE ARCHIVO DESDE EL FTP
[16/12/2024 16:00:16]: FIN DE DESCARGA DE ARCHIVO DESDE EL FTP
[16/12/2024 16:00:16]: INICIO DE CARGA DE DATOS CON JAR
[16/12/2024 16:00:18]: El proceso se completó exitosamente.
[16/12/2024 16:00:18]: FIN DE CARGA DE DATOS CON JAR
[16/12/2024 16:00:18]: INICIO DE ENVIO DE ARCHIVO DE VALIDACIONES MEF
[16/12/2024 16:00:19]: Archivo validacion renombrado a Enviado_TTPAUT_20241026_VAL_01_BN.txt
[16/12/2024 16:00:19]: FIN DE ENVIO DE ARCHIVO VALIDACIOENS AL FTP - Código de error: 0
[16/12/2024 16:00:19]: INICIO DE ELIMINACIÓN DE ARCHIVO DESCARGADO
[16/12/2024 16:00:19]: FIN DE ELIMINACIÓN DE ARCHIVO DESCARGADO
[16/12/2024 16:00:19]: ********** FIN DEL SCRIPT - RECIBIR CUENTAS **********
[16/12/2024 16:01:13]: ********** INICIO DEL SCRIPT - RECIBIR CUENTAS **********
[16/12/2024 16:01:14]: INICIO DE CREACIÓN DE DIRECTORIO MEF_FAIL
[16/12/2024 16:01:14]: El directorio MEF_FAIL ya existe
[16/12/2024 16:01:14]: FIN DE CREACIÓN DE DIRECTORIO MEF_FAIL
[16/12/2024 16:01:14]: INICIO DE BÚSQUEDA DE ARCHIVO EN EL FTP
[16/12/2024 16:01:14]: Archivo encontrado: TTPHAB_20241206_01_MEF.TXT
[16/12/2024 16:01:14]: FIN DE BÚSQUEDA DE ARCHIVO EN EL FTP
[16/12/2024 16:01:14]: INICIO DE DESCARGA DE ARCHIVO DESDE EL FTP
[16/12/2024 16:01:15]: FIN DE DESCARGA DE ARCHIVO DESDE EL FTP
[16/12/2024 16:01:15]: INICIO DE CARGA DE DATOS CON JAR
[16/12/2024 16:01:16]: El proceso se completó exitosamente.
[16/12/2024 16:01:16]: FIN DE CARGA DE DATOS CON JAR
[16/12/2024 16:01:16]: INICIO DE ENVIO DE ARCHIVO DE VALIDACIONES MEF
[16/12/2024 16:01:17]: Archivo validacion renombrado a Enviado_Enviado_TTPAUT_20241026_VAL_01_BN.txt
[16/12/2024 16:01:17]: FIN DE ENVIO DE ARCHIVO VALIDACIOENS AL FTP - Código de error: 0
[16/12/2024 16:01:17]: INICIO DE ELIMINACIÓN DE ARCHIVO DESCARGADO
[16/12/2024 16:01:17]: FIN DE ELIMINACIÓN DE ARCHIVO DESCARGADO
[16/12/2024 16:01:17]: ********** FIN DEL SCRIPT - RECIBIR CUENTAS **********
[16/12/2024 16:04:02]: ********** INICIO DEL SCRIPT - RECIBIR CUENTAS **********
[16/12/2024 16:04:02]: INICIO DE CREACIÓN DE DIRECTORIO MEF_FAIL
[16/12/2024 16:04:02]: El directorio MEF_FAIL ya existe
[16/12/2024 16:04:02]: FIN DE CREACIÓN DE DIRECTORIO MEF_FAIL
[16/12/2024 16:04:02]: INICIO DE BÚSQUEDA DE ARCHIVO EN EL FTP
[16/12/2024 16:04:02]: Archivo encontrado: TTPHAB_20241206_01_MEF.TXT
[16/12/2024 16:04:02]: FIN DE BÚSQUEDA DE ARCHIVO EN EL FTP
[16/12/2024 16:04:02]: INICIO DE DESCARGA DE ARCHIVO DESDE EL FTP
[16/12/2024 16:04:03]: FIN DE DESCARGA DE ARCHIVO DESDE EL FTP
[16/12/2024 16:04:03]: INICIO DE CARGA DE DATOS CON JAR
[16/12/2024 16:04:04]: El proceso se completó exitosamente.
[16/12/2024 16:04:04]: FIN DE CARGA DE DATOS CON JAR
[16/12/2024 16:04:04]: INICIO DE ENVIO DE ARCHIVO DE VALIDACIONES MEF
[16/12/2024 16:04:05]: Archivo validacion renombrado a Enviado_TTPAUT_20241026_VAL_01_BN.txt
[16/12/2024 16:04:05]: FIN DE ENVIO DE ARCHIVO VALIDACIOENS AL FTP - Código de error: 0
[16/12/2024 16:04:05]: INICIO DE ELIMINACIÓN DE ARCHIVO DESCARGADO
[16/12/2024 16:04:05]: FIN DE ELIMINACIÓN DE ARCHIVO DESCARGADO
[16/12/2024 16:04:05]: ********** FIN DEL SCRIPT - RECIBIR CUENTAS **********
[16/12/2024 16:04:20]: ********** INICIO DEL SCRIPT - RECIBIR CUENTAS **********
[16/12/2024 16:04:20]: INICIO DE CREACIÓN DE DIRECTORIO MEF_FAIL
[16/12/2024 16:04:20]: El directorio MEF_FAIL ya existe
[16/12/2024 16:04:20]: FIN DE CREACIÓN DE DIRECTORIO MEF_FAIL
[16/12/2024 16:04:20]: INICIO DE BÚSQUEDA DE ARCHIVO EN EL FTP
[16/12/2024 16:04:21]: Archivo encontrado: TTPHAB_20241206_01_MEF.TXT
[16/12/2024 16:04:21]: FIN DE BÚSQUEDA DE ARCHIVO EN EL FTP
[16/12/2024 16:04:21]: INICIO DE DESCARGA DE ARCHIVO DESDE EL FTP
[16/12/2024 16:04:22]: FIN DE DESCARGA DE ARCHIVO DESDE EL FTP
[16/12/2024 16:04:22]: INICIO DE CARGA DE DATOS CON JAR
[16/12/2024 16:04:23]: El proceso se completó exitosamente.
[16/12/2024 16:04:23]: FIN DE CARGA DE DATOS CON JAR
[16/12/2024 16:04:23]: INICIO DE ENVIO DE ARCHIVO DE VALIDACIONES MEF
[16/12/2024 16:04:24]: Archivo validacion renombrado a Enviado_TTPAUT_20241026_VAL_01_BN.txt
[16/12/2024 16:04:24]: FIN DE ENVIO DE ARCHIVO VALIDACIOENS AL FTP - Código de error: 0
[16/12/2024 16:04:24]: INICIO DE ELIMINACIÓN DE ARCHIVO DESCARGADO
[16/12/2024 16:04:24]: FIN DE ELIMINACIÓN DE ARCHIVO DESCARGADO
[16/12/2024 16:04:24]: ********** FIN DEL SCRIPT - RECIBIR CUENTAS **********
[16/12/2024 16:04:50]: ********** INICIO DEL SCRIPT - RECIBIR CUENTAS **********
[16/12/2024 16:04:50]: INICIO DE CREACIÓN DE DIRECTORIO MEF_FAIL
[16/12/2024 16:04:50]: El directorio MEF_FAIL ya existe
[16/12/2024 16:04:50]: FIN DE CREACIÓN DE DIRECTORIO MEF_FAIL
[16/12/2024 16:04:50]: INICIO DE BÚSQUEDA DE ARCHIVO EN EL FTP
[16/12/2024 16:04:50]: Archivo encontrado: TTPHAB_20241207_01_MEF.TXT
[16/12/2024 16:04:50]: FIN DE BÚSQUEDA DE ARCHIVO EN EL FTP
[16/12/2024 16:04:50]: INICIO DE DESCARGA DE ARCHIVO DESDE EL FTP
[16/12/2024 16:04:51]: FIN DE DESCARGA DE ARCHIVO DESDE EL FTP
[16/12/2024 16:04:51]: INICIO DE CARGA DE DATOS CON JAR
[16/12/2024 16:04:52]: El proceso se completó exitosamente.
[16/12/2024 16:04:52]: FIN DE CARGA DE DATOS CON JAR
[16/12/2024 16:04:52]: INICIO DE ENVIO DE ARCHIVO DE VALIDACIONES MEF
[16/12/2024 16:04:53]: Archivo validacion renombrado a Enviado_TTPAUT_20241026_VAL_01_BN.txt
[16/12/2024 16:04:53]: FIN DE ENVIO DE ARCHIVO VALIDACIOENS AL FTP - Código de error: 0
[16/12/2024 16:04:53]: INICIO DE ELIMINACIÓN DE ARCHIVO DESCARGADO
[16/12/2024 16:04:53]: FIN DE ELIMINACIÓN DE ARCHIVO DESCARGADO
[16/12/2024 16:04:53]: ********** FIN DEL SCRIPT - RECIBIR CUENTAS **********
