[16/12/2024 15:49:02] INICIO DE PREPARACIÓN DEL ENTORNO
[16/12/2024 15:49:02] FIN DE PREPARACIÓN DEL ENTORNO
[16/12/2024 15:49:02] 
   _____ ___  ____________
  / ___//   |/_  __/ ____/
  \__ \/ /| | / / / __/   
 ___/ / ___ |/ / / /___   
/____/_/  |_/_/ /_____/   TARJETA EMPRESARIAL MEF-BN-IZIPAY
  
[16/12/2024 15:49:02] INICIO DE INICIALIZACIÓN Y VALIDACIÓN DE PARÁMETROS
[16/12/2024 15:49:02] FIN DE INICIALIZACIÓN Y VALIDACIÓN DE PARÁMETROS
[16/12/2024 15:49:02] INICIO DE LIMPIEZA DE DIRECTORIO DE DATOS
[16/12/2024 15:49:02] FIN DE LIMPIEZA DE DIRECTORIO DE DATOS - Código de error: 0
[16/12/2024 15:49:03] Ejecución del JAR exitosa  al limpiar tablas temporalesL
[16/12/2024 15:49:03] FIN DE EJECUCIÓN DE PROCEDIMIENTO PL/SQL
[16/12/2024 15:49:03] INICIO DE EJECUCIÓN DE SHELLS DE RECEPCIÓN DE TRAMAS
[16/12/2024 15:49:09] FIN DE EJECUCIÓN DE SHELLS DE RECEPCIÓN DE TRAMAS
[16/12/2024 15:51:19] INICIO DE PREPARACIÓN DEL ENTORNO
[16/12/2024 15:51:19] FIN DE PREPARACIÓN DEL ENTORNO
[16/12/2024 15:51:19] 
   _____ ___  ____________
  / ___//   |/_  __/ ____/
  \__ \/ /| | / / / __/   
 ___/ / ___ |/ / / /___   
/____/_/  |_/_/ /_____/   TARJETA EMPRESARIAL MEF-BN-IZIPAY
  
[16/12/2024 15:51:19] INICIO DE INICIALIZACIÓN Y VALIDACIÓN DE PARÁMETROS
[16/12/2024 15:51:19] FIN DE INICIALIZACIÓN Y VALIDACIÓN DE PARÁMETROS
[16/12/2024 15:51:19] INICIO DE LIMPIEZA DE DIRECTORIO DE DATOS
[16/12/2024 15:51:19] FIN DE LIMPIEZA DE DIRECTORIO DE DATOS - Código de error: 0
[16/12/2024 15:51:20] Ejecución del JAR exitosa  al limpiar tablas temporalesL
[16/12/2024 15:51:20] FIN DE EJECUCIÓN DE PROCEDIMIENTO PL/SQL
[16/12/2024 15:51:20] INICIO DE EJECUCIÓN DE SHELLS DE RECEPCIÓN DE TRAMAS
[16/12/2024 15:51:23] FIN DE EJECUCIÓN DE SHELLS DE RECEPCIÓN DE TRAMAS
[16/12/2024 15:53:07] INICIO DE PREPARACIÓN DEL ENTORNO
[16/12/2024 15:53:07] FIN DE PREPARACIÓN DEL ENTORNO
[16/12/2024 15:53:07] 
   _____ ___  ____________
  / ___//   |/_  __/ ____/
  \__ \/ /| | / / / __/   
 ___/ / ___ |/ / / /___   
/____/_/  |_/_/ /_____/   TARJETA EMPRESARIAL MEF-BN-IZIPAY
  
[16/12/2024 15:53:07] INICIO DE INICIALIZACIÓN Y VALIDACIÓN DE PARÁMETROS
[16/12/2024 15:53:07] FIN DE INICIALIZACIÓN Y VALIDACIÓN DE PARÁMETROS
[16/12/2024 15:53:07] INICIO DE LIMPIEZA DE DIRECTORIO DE DATOS
[16/12/2024 15:53:07] FIN DE LIMPIEZA DE DIRECTORIO DE DATOS - Código de error: 0
[16/12/2024 15:53:08] Ejecución del JAR exitosa  al limpiar tablas temporalesL
[16/12/2024 15:53:08] FIN DE EJECUCIÓN DE PROCEDIMIENTO PL/SQL
[16/12/2024 15:53:08] INICIO DE EJECUCIÓN DE SHELLS DE RECEPCIÓN DE TRAMAS
[16/12/2024 15:53:12] FIN DE EJECUCIÓN DE SHELLS DE RECEPCIÓN DE TRAMAS
[16/12/2024 15:54:20] INICIO DE PREPARACIÓN DEL ENTORNO
[16/12/2024 15:54:20] FIN DE PREPARACIÓN DEL ENTORNO
[16/12/2024 15:54:20] 
   _____ ___  ____________
  / ___//   |/_  __/ ____/
  \__ \/ /| | / / / __/   
 ___/ / ___ |/ / / /___   
/____/_/  |_/_/ /_____/   TARJETA EMPRESARIAL MEF-BN-IZIPAY
  
[16/12/2024 15:54:20] INICIO DE INICIALIZACIÓN Y VALIDACIÓN DE PARÁMETROS
[16/12/2024 15:54:21] FIN DE INICIALIZACIÓN Y VALIDACIÓN DE PARÁMETROS
[16/12/2024 15:54:21] INICIO DE LIMPIEZA DE DIRECTORIO DE DATOS
[16/12/2024 15:54:21] FIN DE LIMPIEZA DE DIRECTORIO DE DATOS - Código de error: 0
[16/12/2024 15:54:22] Ejecución del JAR exitosa  al limpiar tablas temporalesL
[16/12/2024 15:54:22] FIN DE EJECUCIÓN DE PROCEDIMIENTO PL/SQL
[16/12/2024 15:54:22] INICIO DE EJECUCIÓN DE SHELLS DE RECEPCIÓN DE TRAMAS
[16/12/2024 15:54:25] FIN DE EJECUCIÓN DE SHELLS DE RECEPCIÓN DE TRAMAS
[16/12/2024 15:55:49] INICIO DE PREPARACIÓN DEL ENTORNO
[16/12/2024 15:55:49] FIN DE PREPARACIÓN DEL ENTORNO
[16/12/2024 15:55:49] 
   _____ ___  ____________
  / ___//   |/_  __/ ____/
  \__ \/ /| | / / / __/   
 ___/ / ___ |/ / / /___   
/____/_/  |_/_/ /_____/   TARJETA EMPRESARIAL MEF-BN-IZIPAY
  
[16/12/2024 15:55:49] INICIO DE INICIALIZACIÓN Y VALIDACIÓN DE PARÁMETROS
[16/12/2024 15:55:49] FIN DE INICIALIZACIÓN Y VALIDACIÓN DE PARÁMETROS
[16/12/2024 15:55:49] INICIO DE LIMPIEZA DE DIRECTORIO DE DATOS
[16/12/2024 15:55:50] FIN DE LIMPIEZA DE DIRECTORIO DE DATOS - Código de error: 0
[16/12/2024 15:55:51] Ejecución del JAR exitosa  al limpiar tablas temporalesL
[16/12/2024 15:55:51] FIN DE EJECUCIÓN DE PROCEDIMIENTO PL/SQL
[16/12/2024 15:55:51] INICIO DE EJECUCIÓN DE SHELLS DE RECEPCIÓN DE TRAMAS
[16/12/2024 15:55:54] FIN DE EJECUCIÓN DE SHELLS DE RECEPCIÓN DE TRAMAS
[16/12/2024 15:57:29] INICIO DE PREPARACIÓN DEL ENTORNO
[16/12/2024 15:57:29] FIN DE PREPARACIÓN DEL ENTORNO
[16/12/2024 15:57:29] 
   _____ ___  ____________
  / ___//   |/_  __/ ____/
  \__ \/ /| | / / / __/   
 ___/ / ___ |/ / / /___   
/____/_/  |_/_/ /_____/   TARJETA EMPRESARIAL MEF-BN-IZIPAY
  
[16/12/2024 15:57:29] INICIO DE INICIALIZACIÓN Y VALIDACIÓN DE PARÁMETROS
[16/12/2024 15:57:29] FIN DE INICIALIZACIÓN Y VALIDACIÓN DE PARÁMETROS
[16/12/2024 15:57:29] INICIO DE LIMPIEZA DE DIRECTORIO DE DATOS
[16/12/2024 15:57:30] FIN DE LIMPIEZA DE DIRECTORIO DE DATOS - Código de error: 0
[16/12/2024 15:57:31] Ejecución del JAR exitosa  al limpiar tablas temporalesL
[16/12/2024 15:57:31] FIN DE EJECUCIÓN DE PROCEDIMIENTO PL/SQL
[16/12/2024 15:57:31] INICIO DE EJECUCIÓN DE SHELLS DE RECEPCIÓN DE TRAMAS
[16/12/2024 15:57:34] FIN DE EJECUCIÓN DE SHELLS DE RECEPCIÓN DE TRAMAS
[16/12/2024 15:57:41] INICIO DE PREPARACIÓN DEL ENTORNO
[16/12/2024 15:57:41] FIN DE PREPARACIÓN DEL ENTORNO
[16/12/2024 15:57:41] 
   _____ ___  ____________
  / ___//   |/_  __/ ____/
  \__ \/ /| | / / / __/   
 ___/ / ___ |/ / / /___   
/____/_/  |_/_/ /_____/   TARJETA EMPRESARIAL MEF-BN-IZIPAY
  
[16/12/2024 15:57:41] INICIO DE INICIALIZACIÓN Y VALIDACIÓN DE PARÁMETROS
[16/12/2024 15:57:41] FIN DE INICIALIZACIÓN Y VALIDACIÓN DE PARÁMETROS
[16/12/2024 15:57:41] INICIO DE LIMPIEZA DE DIRECTORIO DE DATOS
[16/12/2024 15:57:41] FIN DE LIMPIEZA DE DIRECTORIO DE DATOS - Código de error: 0
[16/12/2024 15:57:42] Ejecución del JAR exitosa  al limpiar tablas temporalesL
[16/12/2024 15:57:42] FIN DE EJECUCIÓN DE PROCEDIMIENTO PL/SQL
[16/12/2024 15:57:43] INICIO DE EJECUCIÓN DE SHELLS DE RECEPCIÓN DE TRAMAS
[16/12/2024 15:57:46] FIN DE EJECUCIÓN DE SHELLS DE RECEPCIÓN DE TRAMAS
[16/12/2024 15:57:51] INICIO DE PREPARACIÓN DEL ENTORNO
[16/12/2024 15:57:51] FIN DE PREPARACIÓN DEL ENTORNO
[16/12/2024 15:57:51] 
   _____ ___  ____________
  / ___//   |/_  __/ ____/
  \__ \/ /| | / / / __/   
 ___/ / ___ |/ / / /___   
/____/_/  |_/_/ /_____/   TARJETA EMPRESARIAL MEF-BN-IZIPAY
  
[16/12/2024 15:57:51] INICIO DE INICIALIZACIÓN Y VALIDACIÓN DE PARÁMETROS
[16/12/2024 15:57:51] FIN DE INICIALIZACIÓN Y VALIDACIÓN DE PARÁMETROS
[16/12/2024 15:57:51] INICIO DE LIMPIEZA DE DIRECTORIO DE DATOS
[16/12/2024 15:57:52] FIN DE LIMPIEZA DE DIRECTORIO DE DATOS - Código de error: 0
[16/12/2024 15:57:53] Ejecución del JAR exitosa  al limpiar tablas temporalesL
[16/12/2024 15:57:53] FIN DE EJECUCIÓN DE PROCEDIMIENTO PL/SQL
[16/12/2024 15:57:53] INICIO DE EJECUCIÓN DE SHELLS DE RECEPCIÓN DE TRAMAS
[16/12/2024 15:57:56] FIN DE EJECUCIÓN DE SHELLS DE RECEPCIÓN DE TRAMAS
[16/12/2024 16:00:13] INICIO DE PREPARACIÓN DEL ENTORNO
[16/12/2024 16:00:13] FIN DE PREPARACIÓN DEL ENTORNO
[16/12/2024 16:00:13] 
   _____ ___  ____________
  / ___//   |/_  __/ ____/
  \__ \/ /| | / / / __/   
 ___/ / ___ |/ / / /___   
/____/_/  |_/_/ /_____/   TARJETA EMPRESARIAL MEF-BN-IZIPAY
  
[16/12/2024 16:00:14] INICIO DE INICIALIZACIÓN Y VALIDACIÓN DE PARÁMETROS
[16/12/2024 16:00:14] FIN DE INICIALIZACIÓN Y VALIDACIÓN DE PARÁMETROS
[16/12/2024 16:00:14] INICIO DE LIMPIEZA DE DIRECTORIO DE DATOS
[16/12/2024 16:00:14] FIN DE LIMPIEZA DE DIRECTORIO DE DATOS - Código de error: 0
[16/12/2024 16:00:15] Ejecución del JAR exitosa  al limpiar tablas temporalesL
[16/12/2024 16:00:15] FIN DE EJECUCIÓN DE PROCEDIMIENTO PL/SQL
[16/12/2024 16:00:15] INICIO DE EJECUCIÓN DE SHELLS DE RECEPCIÓN DE TRAMAS
[16/12/2024 16:00:19] FIN DE EJECUCIÓN DE SHELLS DE RECEPCIÓN DE TRAMAS
[16/12/2024 16:01:12] INICIO DE PREPARACIÓN DEL ENTORNO
[16/12/2024 16:01:12] FIN DE PREPARACIÓN DEL ENTORNO
[16/12/2024 16:01:12] 
   _____ ___  ____________
  / ___//   |/_  __/ ____/
  \__ \/ /| | / / / __/   
 ___/ / ___ |/ / / /___   
/____/_/  |_/_/ /_____/   TARJETA EMPRESARIAL MEF-BN-IZIPAY
  
[16/12/2024 16:01:12] INICIO DE INICIALIZACIÓN Y VALIDACIÓN DE PARÁMETROS
[16/12/2024 16:01:12] FIN DE INICIALIZACIÓN Y VALIDACIÓN DE PARÁMETROS
[16/12/2024 16:01:12] INICIO DE LIMPIEZA DE DIRECTORIO DE DATOS
[16/12/2024 16:01:12] FIN DE LIMPIEZA DE DIRECTORIO DE DATOS - Código de error: 0
[16/12/2024 16:01:13] Ejecución del JAR exitosa  al limpiar tablas temporalesL
[16/12/2024 16:01:13] FIN DE EJECUCIÓN DE PROCEDIMIENTO PL/SQL
[16/12/2024 16:01:13] INICIO DE EJECUCIÓN DE SHELLS DE RECEPCIÓN DE TRAMAS
[16/12/2024 16:01:17] FIN DE EJECUCIÓN DE SHELLS DE RECEPCIÓN DE TRAMAS
[16/12/2024 16:04:00] INICIO DE PREPARACIÓN DEL ENTORNO
[16/12/2024 16:04:00] FIN DE PREPARACIÓN DEL ENTORNO
[16/12/2024 16:04:00] 
   _____ ___  ____________
  / ___//   |/_  __/ ____/
  \__ \/ /| | / / / __/   
 ___/ / ___ |/ / / /___   
/____/_/  |_/_/ /_____/   TARJETA EMPRESARIAL MEF-BN-IZIPAY
  
[16/12/2024 16:04:00] INICIO DE INICIALIZACIÓN Y VALIDACIÓN DE PARÁMETROS
[16/12/2024 16:04:00] FIN DE INICIALIZACIÓN Y VALIDACIÓN DE PARÁMETROS
[16/12/2024 16:04:00] INICIO DE LIMPIEZA DE DIRECTORIO DE DATOS
[16/12/2024 16:04:00] FIN DE LIMPIEZA DE DIRECTORIO DE DATOS - Código de error: 0
[16/12/2024 16:04:01] Ejecución del JAR exitosa  al limpiar tablas temporalesL
[16/12/2024 16:04:02] FIN DE EJECUCIÓN DE PROCEDIMIENTO PL/SQL
[16/12/2024 16:04:02] INICIO DE EJECUCIÓN DE SHELLS DE RECEPCIÓN DE TRAMAS
[16/12/2024 16:04:05] FIN DE EJECUCIÓN DE SHELLS DE RECEPCIÓN DE TRAMAS
[16/12/2024 16:04:19] INICIO DE PREPARACIÓN DEL ENTORNO
[16/12/2024 16:04:19] FIN DE PREPARACIÓN DEL ENTORNO
[16/12/2024 16:04:19] 
   _____ ___  ____________
  / ___//   |/_  __/ ____/
  \__ \/ /| | / / / __/   
 ___/ / ___ |/ / / /___   
/____/_/  |_/_/ /_____/   TARJETA EMPRESARIAL MEF-BN-IZIPAY
  
[16/12/2024 16:04:19] INICIO DE INICIALIZACIÓN Y VALIDACIÓN DE PARÁMETROS
[16/12/2024 16:04:19] FIN DE INICIALIZACIÓN Y VALIDACIÓN DE PARÁMETROS
[16/12/2024 16:04:19] INICIO DE LIMPIEZA DE DIRECTORIO DE DATOS
[16/12/2024 16:04:19] FIN DE LIMPIEZA DE DIRECTORIO DE DATOS - Código de error: 0
[16/12/2024 16:04:20] Ejecución del JAR exitosa  al limpiar tablas temporalesL
[16/12/2024 16:04:20] FIN DE EJECUCIÓN DE PROCEDIMIENTO PL/SQL
[16/12/2024 16:04:20] INICIO DE EJECUCIÓN DE SHELLS DE RECEPCIÓN DE TRAMAS
[16/12/2024 16:04:24] FIN DE EJECUCIÓN DE SHELLS DE RECEPCIÓN DE TRAMAS
[16/12/2024 16:04:48] INICIO DE PREPARACIÓN DEL ENTORNO
[16/12/2024 16:04:48] FIN DE PREPARACIÓN DEL ENTORNO
[16/12/2024 16:04:48] 
   _____ ___  ____________
  / ___//   |/_  __/ ____/
  \__ \/ /| | / / / __/   
 ___/ / ___ |/ / / /___   
/____/_/  |_/_/ /_____/   TARJETA EMPRESARIAL MEF-BN-IZIPAY
  
[16/12/2024 16:04:48] INICIO DE INICIALIZACIÓN Y VALIDACIÓN DE PARÁMETROS
[16/12/2024 16:04:48] FIN DE INICIALIZACIÓN Y VALIDACIÓN DE PARÁMETROS
[16/12/2024 16:04:48] INICIO DE LIMPIEZA DE DIRECTORIO DE DATOS
[16/12/2024 16:04:48] FIN DE LIMPIEZA DE DIRECTORIO DE DATOS - Código de error: 0
[16/12/2024 16:04:49] Ejecución del JAR exitosa  al limpiar tablas temporalesL
[16/12/2024 16:04:49] FIN DE EJECUCIÓN DE PROCEDIMIENTO PL/SQL
[16/12/2024 16:04:49] INICIO DE EJECUCIÓN DE SHELLS DE RECEPCIÓN DE TRAMAS
[16/12/2024 16:04:53] FIN DE EJECUCIÓN DE SHELLS DE RECEPCIÓN DE TRAMAS
