2024-09-04 01:18:09,619 INFO  pe.com.bn.config.log.LogConfig  - Archivo de log configurado en: logs/app.log
2024-09-04 01:18:09,622 INFO  pe.com.bn.service.LoteService  - Parameters from shell: {}InputParametros(urlConection=bn_sate/bn_sate@//10.7.12.177:1521/orades, pathFile=logs/TTPHAB_20240828_01_MEF.TXT, pathLog=logs/app.log, typeProcess=2)
2024-09-04 01:18:09,622 INFO  pe.com.bn.service.LoteService  - {} file is located in: {}logs/TTPHAB_20240828_01_MEF.TXT
2024-09-04 01:19:03,213 INFO  pe.com.bn.config.log.LogConfig  - Archivo de log configurado en: logs/app.log
2024-09-04 01:19:03,216 INFO  pe.com.bn.service.LoteService  - Parameters from shell: {}InputParametros(urlConection=bn_sate/bn_sate@//localhost:1521/XE, pathFile=logs/TTPHAB_20240828_01_MEF.TXT, pathLog=logs/app.log, typeProcess=2)
2024-09-04 01:19:03,217 INFO  pe.com.bn.service.LoteService  - {} file is located in: {}logs/TTPHAB_20240828_01_MEF.TXT
2024-09-04 01:19:05,355 INFO  pe.com.bn.service.LoteService  - DtoLoteMEF: {}DtoLoteMEF(secOperacion=2024892000129590000030001000, tipoOperacion=001, cuentaCargo=00631062776000000000, tipoDocumento=01, numDocumento=00000000000008900190, nombreBeneficiario=G, numTarjetaAut=G, fecInicioAut=2024-08-28, fecFinAut=2024-08-28, importe=000000004467223, secOperacionRef=2024892000129590000030001000, fechaRegistro=2024-09-04)
2024-09-04 01:19:05,860 ERROR pe.com.bn.service.LoteService  - ERROR: {}ORA-01847: el día del mes debe estar entre 1 y el último día del mes
 Query: INSERT INTO BNSATE13_RPTA_MEF_TEMP (B13_SEC_OPERACION, B13_SEC_OPERACION_REF, B13_TIPO_OPERACION, B13_CUENTA_CARGO, B13_TIPO_DOCUMENTO, B13_NUM_DOCUMENTO, B13_NOMBRE_BENEFICIARIO, B13_NUM_TARJETA_AUT, B13_FEC_INICIO_AUT, B13_FEC_FIN_AUT, B13_IMPORTE, B13_FECHA_REGISTRO) VALUES (?, ?, ?, ?, ?, ?, ?, ?, ?, ?, ?, ?) Parameters: [2024892000129590000030001000, 001, 00631062776000000000, 01, 00000000000008900190, G, G, 2024-08-28, 2024-08-28, 000000004467223, 2024892000129590000030001000, 2024-09-04]
2024-09-04 01:19:05,862 ERROR pe.com.bn.Main.MainProcess  - Error en el proceso: ORA-01847: el día del mes debe estar entre 1 y el último día del mes
 Query: INSERT INTO BNSATE13_RPTA_MEF_TEMP (B13_SEC_OPERACION, B13_SEC_OPERACION_REF, B13_TIPO_OPERACION, B13_CUENTA_CARGO, B13_TIPO_DOCUMENTO, B13_NUM_DOCUMENTO, B13_NOMBRE_BENEFICIARIO, B13_NUM_TARJETA_AUT, B13_FEC_INICIO_AUT, B13_FEC_FIN_AUT, B13_IMPORTE, B13_FECHA_REGISTRO) VALUES (?, ?, ?, ?, ?, ?, ?, ?, ?, ?, ?, ?) Parameters: [2024892000129590000030001000, 001, 00631062776000000000, 01, 00000000000008900190, G, G, 2024-08-28, 2024-08-28, 000000004467223, 2024892000129590000030001000, 2024-09-04]
pe.com.bn.customexception.ProcessException: ORA-01847: el día del mes debe estar entre 1 y el último día del mes
 Query: INSERT INTO BNSATE13_RPTA_MEF_TEMP (B13_SEC_OPERACION, B13_SEC_OPERACION_REF, B13_TIPO_OPERACION, B13_CUENTA_CARGO, B13_TIPO_DOCUMENTO, B13_NUM_DOCUMENTO, B13_NOMBRE_BENEFICIARIO, B13_NUM_TARJETA_AUT, B13_FEC_INICIO_AUT, B13_FEC_FIN_AUT, B13_IMPORTE, B13_FECHA_REGISTRO) VALUES (?, ?, ?, ?, ?, ?, ?, ?, ?, ?, ?, ?) Parameters: [2024892000129590000030001000, 001, 00631062776000000000, 01, 00000000000008900190, G, G, 2024-08-28, 2024-08-28, 000000004467223, 2024892000129590000030001000, 2024-09-04]
	at pe.com.bn.service.LoteService.process(LoteService.java:64)
	at pe.com.bn.Main.MainProcess.main(MainProcess.java:34)
2024-09-04 01:22:15,051 INFO  pe.com.bn.config.log.LogConfig  - Archivo de log configurado en: logs/app.log
2024-09-04 01:22:15,056 INFO  pe.com.bn.service.LoteService  - Parameters from shell: {}InputParametros(urlConection=bn_sate/bn_sate@//localhost:1521/XE, pathFile=logs/TTPHAB_20240828_01_MEF.TXT, pathLog=logs/app.log, typeProcess=2)
2024-09-04 01:22:15,056 INFO  pe.com.bn.service.LoteService  - {} file is located in: {}logs/TTPHAB_20240828_01_MEF.TXT
2024-09-04 01:22:16,879 INFO  pe.com.bn.service.LoteService  - DtoLoteMEF: {}DtoLoteMEF(secOperacion=2024892000129590000030001000, tipoOperacion=001, cuentaCargo=00631062776000000000, tipoDocumento=01, numDocumento=00000000000008900190, nombreBeneficiario=G, numTarjetaAut=G, fecInicioAut=2024-08-28, fecFinAut=2024-08-28, importe=000000004467223, secOperacionRef=2024892000129590000030001000, fechaRegistro=2024-09-04)
2024-09-04 01:22:17,325 ERROR pe.com.bn.service.LoteService  - ERROR: {}ORA-01847: el día del mes debe estar entre 1 y el último día del mes
 Query: INSERT INTO BNSATE13_RPTA_MEF_TEMP (B13_SEC_OPERACION, B13_SEC_OPERACION_REF, B13_TIPO_OPERACION, B13_CUENTA_CARGO, B13_TIPO_DOCUMENTO, B13_NUM_DOCUMENTO, B13_NOMBRE_BENEFICIARIO, B13_NUM_TARJETA_AUT, B13_FEC_INICIO_AUT, B13_FEC_FIN_AUT, B13_IMPORTE, B13_FECHA_REGISTRO) VALUES (?, ?, ?, ?, ?, ?, ?, ?, ?, ?, ?, ?) Parameters: [2024892000129590000030001000, 001, 00631062776000000000, 01, 00000000000008900190, G, G, 2024-08-28, 2024-08-28, 000000004467223, 2024892000129590000030001000, 2024-09-04]
2024-09-04 01:22:17,327 ERROR pe.com.bn.Main.MainProcess  - Error en el proceso: ORA-01847: el día del mes debe estar entre 1 y el último día del mes
 Query: INSERT INTO BNSATE13_RPTA_MEF_TEMP (B13_SEC_OPERACION, B13_SEC_OPERACION_REF, B13_TIPO_OPERACION, B13_CUENTA_CARGO, B13_TIPO_DOCUMENTO, B13_NUM_DOCUMENTO, B13_NOMBRE_BENEFICIARIO, B13_NUM_TARJETA_AUT, B13_FEC_INICIO_AUT, B13_FEC_FIN_AUT, B13_IMPORTE, B13_FECHA_REGISTRO) VALUES (?, ?, ?, ?, ?, ?, ?, ?, ?, ?, ?, ?) Parameters: [2024892000129590000030001000, 001, 00631062776000000000, 01, 00000000000008900190, G, G, 2024-08-28, 2024-08-28, 000000004467223, 2024892000129590000030001000, 2024-09-04]
pe.com.bn.customexception.ProcessException: ORA-01847: el día del mes debe estar entre 1 y el último día del mes
 Query: INSERT INTO BNSATE13_RPTA_MEF_TEMP (B13_SEC_OPERACION, B13_SEC_OPERACION_REF, B13_TIPO_OPERACION, B13_CUENTA_CARGO, B13_TIPO_DOCUMENTO, B13_NUM_DOCUMENTO, B13_NOMBRE_BENEFICIARIO, B13_NUM_TARJETA_AUT, B13_FEC_INICIO_AUT, B13_FEC_FIN_AUT, B13_IMPORTE, B13_FECHA_REGISTRO) VALUES (?, ?, ?, ?, ?, ?, ?, ?, ?, ?, ?, ?) Parameters: [2024892000129590000030001000, 001, 00631062776000000000, 01, 00000000000008900190, G, G, 2024-08-28, 2024-08-28, 000000004467223, 2024892000129590000030001000, 2024-09-04]
	at pe.com.bn.service.LoteService.process(LoteService.java:64)
	at pe.com.bn.Main.MainProcess.main(MainProcess.java:34)
2024-09-04 01:24:57,156 INFO  pe.com.bn.config.log.LogConfig  - Archivo de log configurado en: logs/app.log
2024-09-04 01:24:57,158 INFO  pe.com.bn.service.LoteService  - Parameters from shell: {}InputParametros(urlConection=bn_sate/bn_sate@//localhost:1521/XE, pathFile=logs/TTPHAB_20240828_01_MEF.TXT, pathLog=logs/app.log, typeProcess=2)
2024-09-04 01:24:57,159 INFO  pe.com.bn.service.LoteService  - {} file is located in: {}logs/TTPHAB_20240828_01_MEF.TXT
2024-09-04 01:24:58,889 INFO  pe.com.bn.service.LoteService  - DtoLoteMEF: {}DtoLoteMEF(secOperacion=2024892000129590000030001000, tipoOperacion=001, cuentaCargo=00631062776000000000, tipoDocumento=01, numDocumento=00000000000008900190, nombreBeneficiario=G, numTarjetaAut=G, fecInicioAut=2024-08-28, fecFinAut=2024-08-28, importe=000000004467223, secOperacionRef=2024892000129590000030001000, fechaRegistro=2024-09-04)
2024-09-04 01:24:59,367 INFO  pe.com.bn.service.LoteService  - Filas insertadas: {}1
2024-09-04 01:24:59,369 INFO  pe.com.bn.service.LoteService  - DtoLoteMEF: {}DtoLoteMEF(secOperacion=2024892000129600000030001000, tipoOperacion=001, cuentaCargo=00631062776000000000, tipoDocumento=01, numDocumento=00000000000008309130, nombreBeneficiario=G, numTarjetaAut=G, fecInicioAut=2024-08-28, fecFinAut=2024-08-28, importe=000000003180142, secOperacionRef=2024892000129600000030001000, fechaRegistro=2024-09-04)
2024-09-04 01:24:59,374 INFO  pe.com.bn.service.LoteService  - Filas insertadas: {}1
2024-09-04 01:24:59,375 INFO  pe.com.bn.service.LoteService  - DtoLoteMEF: {}DtoLoteMEF(secOperacion=2024892000129610000030001000, tipoOperacion=001, cuentaCargo=00631062776000000000, tipoDocumento=01, numDocumento=00000000000009876325, nombreBeneficiario=G, numTarjetaAut=G, fecInicioAut=2024-08-28, fecFinAut=2024-08-28, importe=000000000443638, secOperacionRef=2024892000129610000030001000, fechaRegistro=2024-09-04)
2024-09-04 01:24:59,381 INFO  pe.com.bn.service.LoteService  - Filas insertadas: {}1
2024-09-04 01:24:59,382 INFO  pe.com.bn.service.LoteService  - DtoLoteMEF: {}DtoLoteMEF(secOperacion=2024892000129620000030001000, tipoOperacion=001, cuentaCargo=00631062776000000000, tipoDocumento=01, numDocumento=00000000000000113033, nombreBeneficiario=G, numTarjetaAut=G, fecInicioAut=2024-08-28, fecFinAut=2024-08-28, importe=000000000158425, secOperacionRef=2024892000129620000030001000, fechaRegistro=2024-09-04)
2024-09-04 01:24:59,387 INFO  pe.com.bn.service.LoteService  - Filas insertadas: {}1
2024-09-04 01:24:59,387 INFO  pe.com.bn.service.LoteService  - DtoLoteMEF: {}DtoLoteMEF(secOperacion=2024460000599700000030001000, tipoOperacion=001, cuentaCargo=00000299723000000000, tipoDocumento=01, numDocumento=00000000000040692306, nombreBeneficiario=G, numTarjetaAut=G, fecInicioAut=2024-08-28, fecFinAut=2024-08-28, importe=000000000072271, secOperacionRef=2024460000599700000030001000, fechaRegistro=2024-09-04)
2024-09-04 01:24:59,391 INFO  pe.com.bn.service.LoteService  - Filas insertadas: {}1
2024-09-04 01:24:59,392 INFO  pe.com.bn.service.LoteService  - DtoLoteMEF: {}DtoLoteMEF(secOperacion=2024460000599800000030001000, tipoOperacion=001, cuentaCargo=00000299723000000000, tipoDocumento=01, numDocumento=00000000000040795923, nombreBeneficiario=G, numTarjetaAut=G, fecInicioAut=2024-08-28, fecFinAut=2024-08-28, importe=000000000252499, secOperacionRef=2024460000599800000030001000, fechaRegistro=2024-09-04)
2024-09-04 01:24:59,397 INFO  pe.com.bn.service.LoteService  - Filas insertadas: {}1
2024-09-04 01:24:59,398 INFO  pe.com.bn.service.LoteService  - DtoLoteMEF: {}DtoLoteMEF(secOperacion=2024460000599900000030001000, tipoOperacion=001, cuentaCargo=00000299723000000000, tipoDocumento=01, numDocumento=00000000000041567921, nombreBeneficiario=G, numTarjetaAut=G, fecInicioAut=2024-08-28, fecFinAut=2024-08-28, importe=000000000001569, secOperacionRef=2024460000599900000030001000, fechaRegistro=2024-09-04)
2024-09-04 01:24:59,403 INFO  pe.com.bn.service.LoteService  - Filas insertadas: {}1
2024-09-04 01:24:59,403 INFO  pe.com.bn.service.LoteService  - DtoLoteMEF: {}DtoLoteMEF(secOperacion=2024460000600000000030001000, tipoOperacion=001, cuentaCargo=00000299723000000000, tipoDocumento=01, numDocumento=00000000000042352085, nombreBeneficiario=G, numTarjetaAut=G, fecInicioAut=2024-08-28, fecFinAut=2024-08-28, importe=000000000004180, secOperacionRef=2024460000600000000030001000, fechaRegistro=2024-09-04)
2024-09-04 01:24:59,408 INFO  pe.com.bn.service.LoteService  - Filas insertadas: {}1
2024-09-04 01:24:59,409 INFO  pe.com.bn.service.LoteService  - DtoLoteMEF: {}DtoLoteMEF(secOperacion=2024892000129630000030001000, tipoOperacion=001, cuentaCargo=00631062776000000000, tipoDocumento=01, numDocumento=00000000000040692306, nombreBeneficiario=G, numTarjetaAut=G, fecInicioAut=2024-08-28, fecFinAut=2024-08-28, importe=000000000649318, secOperacionRef=2024892000129630000030001000, fechaRegistro=2024-09-04)
2024-09-04 01:24:59,414 INFO  pe.com.bn.service.LoteService  - Filas insertadas: {}1
2024-09-04 01:24:59,415 INFO  pe.com.bn.Main.MainProcess  - Proceso completado exitosamente.
