2024-12-16 14:33:21,421 INFO  pe.com.bn.Main.MainProcess  - Parámetros validados correctamente.
2024-12-16 14:33:21,422 INFO  pe.com.bn.Main.MainProcess  - Inicio del proceso con los parámetros proporcionados.
2024-12-16 14:33:22,441 INFO  pe.com.bn.service.CargaTxtService  - Tipo de proceso identificado: RPTA_MEF_TEMP
2024-12-16 14:33:22,445 INFO  pe.com.bn.service.CargaTxtService  - Regitros: 11
2024-12-16 14:33:22,445 INFO  pe.com.bn.service.CargaTxtService  - Fecha: 2024-12-03
2024-12-16 14:34:22,406 INFO  pe.com.bn.Main.MainProcess  - Parámetros validados correctamente.
2024-12-16 14:34:22,407 INFO  pe.com.bn.Main.MainProcess  - Inicio del proceso con los parámetros proporcionados.
2024-12-16 14:34:23,424 INFO  pe.com.bn.service.CargaTxtService  - Tipo de proceso identificado: RPTA_MEF_TEMP
2024-12-16 14:34:23,428 INFO  pe.com.bn.service.CargaTxtService  - Regitros: 11
2024-12-16 14:34:23,429 INFO  pe.com.bn.service.CargaTxtService  - Fecha: 2024-12-03
2024-12-16 14:34:47,926 ERROR pe.com.bn.service.CargaTxtService  - Error durante el procesamiento del archivo: java.math.BigDecimal cannot be cast to java.lang.Long
java.lang.ClassCastException: java.math.BigDecimal cannot be cast to java.lang.Long
	at pe.com.bn.util.DbUtil.ejecutarCount(DbUtil.java:111)
	at pe.com.bn.repo.SateRepo.verificarTarjetClienteRuc(SateRepo.java:30)
	at pe.com.bn.service.CargaTxtService.process(CargaTxtService.java:116)
	at pe.com.bn.Main.MainProcess.main(MainProcess.java:54)
2024-12-16 14:34:47,931 ERROR pe.com.bn.Main.MainProcess  - Error en el proceso: Error al procesar el archivo: java.math.BigDecimal cannot be cast to java.lang.Long
pe.com.bn.customexception.ProcessException: Error al procesar el archivo: java.math.BigDecimal cannot be cast to java.lang.Long
	at pe.com.bn.service.CargaTxtService.process(CargaTxtService.java:194)
	at pe.com.bn.Main.MainProcess.main(MainProcess.java:54)
2024-12-16 14:36:55,324 INFO  pe.com.bn.Main.MainProcess  - Parámetros validados correctamente.
2024-12-16 14:36:55,325 INFO  pe.com.bn.Main.MainProcess  - Inicio del proceso con los parámetros proporcionados.
2024-12-16 14:37:09,455 INFO  pe.com.bn.Main.MainProcess  - Parámetros validados correctamente.
2024-12-16 14:37:09,456 INFO  pe.com.bn.Main.MainProcess  - Inicio del proceso con los parámetros proporcionados.
2024-12-16 14:37:39,329 INFO  pe.com.bn.Main.MainProcess  - Parámetros validados correctamente.
2024-12-16 14:37:39,331 INFO  pe.com.bn.Main.MainProcess  - Inicio del proceso con los parámetros proporcionados.
2024-12-16 14:37:40,381 INFO  pe.com.bn.service.CargaTxtService  - Tipo de proceso identificado: RPTA_MEF_TEMP
2024-12-16 14:37:40,385 INFO  pe.com.bn.service.CargaTxtService  - Regitros: 11
2024-12-16 14:37:40,385 INFO  pe.com.bn.service.CargaTxtService  - Fecha: 2024-12-03
2024-12-16 14:38:17,829 INFO  pe.com.bn.Main.MainProcess  - Proceso completado exitosamente.
2024-12-16 14:39:00,984 INFO  pe.com.bn.Main.MainProcess  - Parámetros validados correctamente.
2024-12-16 14:39:00,985 INFO  pe.com.bn.Main.MainProcess  - Inicio del proceso con los parámetros proporcionados.
2024-12-16 14:39:01,989 INFO  pe.com.bn.service.CargaTxtService  - Tipo de proceso identificado: RPTA_MEF_TEMP
2024-12-16 14:39:01,991 INFO  pe.com.bn.service.CargaTxtService  - Regitros: 11
2024-12-16 14:39:01,991 INFO  pe.com.bn.service.CargaTxtService  - Fecha: 2024-12-03
2024-12-16 14:39:02,186 INFO  pe.com.bn.Main.MainProcess  - Proceso completado exitosamente.
